2025-01-05 13:58:16.431  INFO 24264 --- [main] fr.fms.SpringShopJpaApplication          : Starting SpringShopJpaApplication using Java 23.0.1 on kali with PID 24264 (C:\Users\kali\Desktop\mes projets\SpringShopMVC\target\classes started by kali in C:\Users\kali\Desktop\mes projets\SpringShopMVC)
2025-01-05 13:58:16.432  INFO 24264 --- [main] fr.fms.SpringShopJpaApplication          : No active profile set, falling back to default profiles: default
2025-01-05 13:58:16.979  INFO 24264 --- [main] .s.d.r.c.RepositoryConfigurationDelegate : Bootstrapping Spring Data JPA repositories in DEFAULT mode.
2025-01-05 13:58:17.009  INFO 24264 --- [main] .s.d.r.c.RepositoryConfigurationDelegate : Finished Spring Data repository scanning in 23 ms. Found 2 JPA repository interfaces.
2025-01-05 13:58:17.354  INFO 24264 --- [main] o.s.b.w.embedded.tomcat.TomcatWebServer  : Tomcat initialized with port(s): 8080 (http)
2025-01-05 13:58:17.360  INFO 24264 --- [main] o.apache.catalina.core.StandardService   : Starting service [Tomcat]
2025-01-05 13:58:17.361  INFO 24264 --- [main] org.apache.catalina.core.StandardEngine  : Starting Servlet engine: [Apache Tomcat/9.0.55]
2025-01-05 13:58:17.411  INFO 24264 --- [main] o.a.c.c.C.[Tomcat].[localhost].[/]       : Initializing Spring embedded WebApplicationContext
2025-01-05 13:58:17.411  INFO 24264 --- [main] w.s.c.ServletWebServerApplicationContext : Root WebApplicationContext: initialization completed in 802 ms
2025-01-05 13:58:17.510  INFO 24264 --- [main] o.hibernate.jpa.internal.util.LogHelper  : HHH000204: Processing PersistenceUnitInfo [name: default]
2025-01-05 13:58:17.537  INFO 24264 --- [main] org.hibernate.Version                    : HHH000412: Hibernate ORM core version 5.6.1.Final
2025-01-05 13:58:17.640  INFO 24264 --- [main] o.hibernate.annotations.common.Version   : HCANN000001: Hibernate Commons Annotations {5.1.2.Final}
2025-01-05 13:58:17.686  INFO 24264 --- [main] com.zaxxer.hikari.HikariDataSource       : HikariPool-1 - Starting...
2025-01-05 13:58:17.724  INFO 24264 --- [main] com.zaxxer.hikari.HikariDataSource       : HikariPool-1 - Start completed.
2025-01-05 13:58:17.732  INFO 24264 --- [main] org.hibernate.dialect.Dialect            : HHH000400: Using dialect: org.hibernate.dialect.MariaDB53Dialect
2025-01-05 13:58:18.059  INFO 24264 --- [main] o.h.e.t.j.p.i.JtaPlatformInitiator       : HHH000490: Using JtaPlatform implementation: [org.hibernate.engine.transaction.jta.platform.internal.NoJtaPlatform]
2025-01-05 13:58:18.064  INFO 24264 --- [main] j.LocalContainerEntityManagerFactoryBean : Initialized JPA EntityManagerFactory for persistence unit 'default'
2025-01-05 13:58:18.321  WARN 24264 --- [main] JpaBaseConfiguration$JpaWebConfiguration : spring.jpa.open-in-view is enabled by default. Therefore, database queries may be performed during view rendering. Explicitly configure spring.jpa.open-in-view to disable this warning
2025-01-05 13:58:18.402  INFO 24264 --- [main] o.s.s.web.DefaultSecurityFilterChain     : Will secure any request with [org.springframework.security.web.context.request.async.WebAsyncManagerIntegrationFilter@6d41200c, org.springframework.security.web.context.SecurityContextPersistenceFilter@7792e14f, org.springframework.security.web.header.HeaderWriterFilter@7348e75e, org.springframework.security.web.csrf.CsrfFilter@9a37591, org.springframework.security.web.authentication.logout.LogoutFilter@4d7c9b42, org.springframework.security.web.authentication.UsernamePasswordAuthenticationFilter@4ef28dc4, org.springframework.security.web.authentication.ui.DefaultLoginPageGeneratingFilter@333efb51, org.springframework.security.web.authentication.ui.DefaultLogoutPageGeneratingFilter@522fb69, org.springframework.security.web.savedrequest.RequestCacheAwareFilter@6f87a7c7, org.springframework.security.web.servletapi.SecurityContextHolderAwareRequestFilter@240df292, org.springframework.security.web.authentication.AnonymousAuthenticationFilter@593354fa, org.springframework.security.web.session.SessionManagementFilter@49cd08f9, org.springframework.security.web.access.ExceptionTranslationFilter@4d84688f, org.springframework.security.web.access.intercept.FilterSecurityInterceptor@3462e99a]
2025-01-05 13:58:18.739  INFO 24264 --- [main] o.s.b.w.embedded.tomcat.TomcatWebServer  : Tomcat started on port(s): 8080 (http) with context path ''
2025-01-05 13:58:18.744  INFO 24264 --- [main] fr.fms.SpringShopJpaApplication          : Started SpringShopJpaApplication in 2.537 seconds (JVM running for 2.779)
2025-01-05 13:58:36.344  INFO 24264 --- [http-nio-8080-exec-1] o.a.c.c.C.[Tomcat].[localhost].[/]       : Initializing Spring DispatcherServlet 'dispatcherServlet'
2025-01-05 13:58:36.344  INFO 24264 --- [http-nio-8080-exec-1] o.s.web.servlet.DispatcherServlet        : Initializing Servlet 'dispatcherServlet'
2025-01-05 13:58:36.344  INFO 24264 --- [http-nio-8080-exec-1] o.s.web.servlet.DispatcherServlet        : Completed initialization in 0 ms
2025-01-05 13:59:42.831  WARN 24264 --- [http-nio-8080-exec-8] .w.s.m.s.DefaultHandlerExceptionResolver : Resolved [org.springframework.web.method.annotation.MethodArgumentTypeMismatchException: Failed to convert value of type 'java.lang.String' to required type 'int'; nested exception is java.lang.NumberFormatException: For input string: ""]
2025-01-05 13:59:57.132  WARN 24264 --- [http-nio-8080-exec-9] .w.s.m.s.DefaultHandlerExceptionResolver : Resolved [org.springframework.web.method.annotation.MethodArgumentTypeMismatchException: Failed to convert value of type 'java.lang.String' to required type 'int'; nested exception is java.lang.NumberFormatException: For input string: ""]
